<?xml version="1.0" encoding="UTF-8"?>
<testng-results ignored="0" total="1" passed="1" failed="0" skipped="0">
  <reporter-output>
  </reporter-output>
  <suite started-at="2022-10-20T15:13:37 IST" name="Suite" finished-at="2022-10-20T15:14:13 IST" duration-ms="35919">
    <groups>
    </groups>
    <test started-at="2022-10-20T15:13:37 IST" name="Test" finished-at="2022-10-20T15:14:13 IST" duration-ms="35919">
      <class name="com.Automation.Testcases.TestCase_1">
        <test-method is-config="true" signature="setup()[pri:0, instance:com.Automation.Testcases.TestCase_1@5a56cdac]" started-at="2022-10-20T15:13:36 IST" name="setup" finished-at="2022-10-20T15:13:37 IST" duration-ms="293" status="PASS">
          <reporter-output>
          </reporter-output>
        </test-method> <!-- setup -->
        <test-method is-config="true" signature="setUpTest()[pri:0, instance:com.Automation.Testcases.TestCase_1@5a56cdac]" started-at="2022-10-20T15:13:37 IST" name="setUpTest" finished-at="2022-10-20T15:13:45 IST" duration-ms="8262" status="PASS">
          <reporter-output>
          </reporter-output>
        </test-method> <!-- setUpTest -->
        <test-method signature="test1()[pri:0, instance:com.Automation.Testcases.TestCase_1@5a56cdac]" started-at="2022-10-20T15:13:45 IST" name="test1" finished-at="2022-10-20T15:14:13 IST" duration-ms="27612" status="PASS">
          <reporter-output>
          </reporter-output>
        </test-method> <!-- test1 -->
        <test-method is-config="true" signature="tearDownTest()[pri:0, instance:com.Automation.Testcases.TestCase_1@5a56cdac]" started-at="2022-10-20T15:14:13 IST" name="tearDownTest" finished-at="2022-10-20T15:14:13 IST" duration-ms="1" status="PASS">
          <reporter-output>
          </reporter-output>
        </test-method> <!-- tearDownTest -->
        <test-method is-config="true" signature="tearDown()[pri:0, instance:com.Automation.Testcases.TestCase_1@5a56cdac]" started-at="2022-10-20T15:14:13 IST" name="tearDown" finished-at="2022-10-20T15:14:13 IST" duration-ms="573" status="PASS">
          <reporter-output>
          </reporter-output>
        </test-method> <!-- tearDown -->
      </class> <!-- com.Automation.Testcases.TestCase_1 -->
    </test> <!-- Test -->
  </suite> <!-- Suite -->
</testng-results>
